<component name="libraryTable">
  <library name="junit5">
    <CLASSES>
      <root url="jar://$PROJECT_DIR$/lib/junit5/org.junit.platform.runner_1.1.0.v20180327-1502.jar!/" />
      <root url="jar://$PROJECT_DIR$/lib/junit5/org.junit.platform.commons_1.1.0.v20180327-1502.jar!/" />
      <root url="jar://$PROJECT_DIR$/lib/junit5/org.apiguardian_1.0.0.v20180327-1502.jar!/" />
      <root url="jar://$PROJECT_DIR$/lib/junit5/org.hamcrest.core_1.3.0.v20180420-1519.jar!/" />
      <root url="jar://$PROJECT_DIR$/lib/junit5/org.junit.platform.launcher_1.1.0.v20180327-1502.jar!/" />
      <root url="jar://$PROJECT_DIR$/lib/junit5/org.junit.jupiter.engine_5.1.0.v20180327-1502.jar!/" />
      <root url="jar://$PROJECT_DIR$/lib/junit5/org.junit.platform.suite.api_1.1.0.v20180327-1502.jar!/" />
      <root url="jar://$PROJECT_DIR$/lib/junit5/org.junit.jupiter.migrationsupport_5.1.0.v20180327-1502.jar!/" />
      <root url="jar://$PROJECT_DIR$/lib/junit5/org.opentest4j_1.0.0.v20180327-1502.jar!/" />
      <root url="jar://$PROJECT_DIR$/lib/junit5/org.junit.platform.engine_1.1.0.v20180327-1502.jar!/" />
      <root url="jar://$PROJECT_DIR$/lib/junit5/org.junit.vintage.engine_5.1.0.v20180327-1502.jar!/" />
      <root url="jar://$PROJECT_DIR$/lib/junit5/org.junit.jupiter.params_5.1.0.v20180327-1502.jar!/" />
      <root url="jar://$PROJECT_DIR$/lib/junit5/org.junit.jupiter.api_5.1.0.v20180327-1502.jar!/" />
    </CLASSES>
    <JAVADOC />
    <SOURCES />
  </library>
</component>